<?xml version="1.0" encoding="UTF-8"?>
<testsuite xmlns:xsi="http://www.w3.org/2001/XMLSchema-instance" xsi:noNamespaceSchemaLocation="https://maven.apache.org/surefire/maven-surefire-plugin/xsd/surefire-test-report-3.0.xsd" version="3.0" name="com.demo.personalfinancetracker.PersonalfinancetrackerApplicationTests" time="3.424" tests="1" errors="0" skipped="0" failures="0">
  <properties>
[...]
</properties>
  <testcase name="contextLoads" classname="com.demo.personalfinancetracker.PersonalfinancetrackerApplicationTests" time="0.257">
    <system-out><![CDATA[16:56:20.205 [main] INFO org.springframework.test.context.support.AnnotationConfigContextLoaderUtils -- Could not detect default configuration classes for test class [com.demo.personalfinancetracker.PersonalfinancetrackerApplicationTests]: PersonalfinancetrackerApplicationTests does not declare any static, non-private, non-final, nested classes annotated with @Configuration.
16:56:20.243 [main] INFO org.springframework.boot.test.context.SpringBootTestContextBootstrapper -- Found @SpringBootConfiguration com.demo.personalfinancetracker.PersonalfinancetrackerApplication for test class com.demo.personalfinancetracker.PersonalfinancetrackerApplicationTests

  .   ____          _            __ _ _
 /\\ / ___'_ __ _ _(_)_ __  __ _ \ \ \ \
( ( )\___ | '_ | '_| | '_ \/ _` | \ \ \ \
 \\/  ___)| |_)| | | | | || (_| |  ) ) ) )
  '  |____| .__|_| |_|_| |_\__, | / / / /
 =========|_|==============|___/=/_/_/_/

 :: Spring Boot ::                (v3.3.3)

2025-05-24T16:56:20.381+05:30  INFO 72540 --- [personalfinancetracker] [           main] p.PersonalfinancetrackerApplicationTests : Starting PersonalfinancetrackerApplicationTests using Java 17.0.14 with PID 72540 (started by vinay in /Users/vinay/Downloads/v3/Personal-Finance-Tracker/back-end)
2025-05-24T16:56:20.382+05:30  INFO 72540 --- [personalfinancetracker] [           main] p.PersonalfinancetrackerApplicationTests : No active profile set, falling back to 1 default profile: "default"
2025-05-24T16:56:20.605+05:30  INFO 72540 --- [personalfinancetracker] [           main] .s.d.r.c.RepositoryConfigurationDelegate : Bootstrapping Spring Data JPA repositories in DEFAULT mode.
2025-05-24T16:56:20.625+05:30  INFO 72540 --- [personalfinancetracker] [           main] .s.d.r.c.RepositoryConfigurationDelegate : Finished Spring Data repository scanning in 16 ms. Found 1 JPA repository interface.
2025-05-24T16:56:20.785+05:30  INFO 72540 --- [personalfinancetracker] [           main] o.hibernate.jpa.internal.util.LogHelper  : HHH000204: Processing PersistenceUnitInfo [name: default]
2025-05-24T16:56:20.811+05:30  INFO 72540 --- [personalfinancetracker] [           main] org.hibernate.Version                    : HHH000412: Hibernate ORM core version 6.5.2.Final
2025-05-24T16:56:20.829+05:30  INFO 72540 --- [personalfinancetracker] [           main] o.h.c.internal.RegionFactoryInitiator    : HHH000026: Second-level cache disabled
2025-05-24T16:56:20.932+05:30  INFO 72540 --- [personalfinancetracker] [           main] o.s.o.j.p.SpringPersistenceUnitInfo      : No LoadTimeWeaver setup: ignoring JPA class transformer
2025-05-24T16:56:20.941+05:30  INFO 72540 --- [personalfinancetracker] [           main] com.zaxxer.hikari.HikariDataSource       : HikariPool-1 - Starting...
2025-05-24T16:56:21.899+05:30  INFO 72540 --- [personalfinancetracker] [           main] com.zaxxer.hikari.pool.HikariPool        : HikariPool-1 - Added connection org.postgresql.jdbc.PgConnection@1f45db49
2025-05-24T16:56:21.900+05:30  INFO 72540 --- [personalfinancetracker] [           main] com.zaxxer.hikari.HikariDataSource       : HikariPool-1 - Start completed.
2025-05-24T16:56:21.980+05:30  WARN 72540 --- [personalfinancetracker] [           main] org.hibernate.orm.deprecation            : HHH90000025: PostgreSQLDialect does not need to be specified explicitly using 'hibernate.dialect' (remove the property setting and it will be selected by default)
2025-05-24T16:56:22.609+05:30  INFO 72540 --- [personalfinancetracker] [           main] o.h.e.t.j.p.i.JtaPlatformInitiator       : HHH000489: No JTA platform available (set 'hibernate.transaction.jta.platform' to enable JTA platform integration)
2025-05-24T16:56:22.999+05:30  INFO 72540 --- [personalfinancetracker] [           main] j.LocalContainerEntityManagerFactoryBean : Initialized JPA EntityManagerFactory for persistence unit 'default'
2025-05-24T16:56:23.168+05:30  WARN 72540 --- [personalfinancetracker] [           main] JpaBaseConfiguration$JpaWebConfiguration : spring.jpa.open-in-view is enabled by default. Therefore, database queries may be performed during view rendering. Explicitly configure spring.jpa.open-in-view to disable this warning
2025-05-24T16:56:23.299+05:30  INFO 72540 --- [personalfinancetracker] [           main] p.PersonalfinancetrackerApplicationTests : Started PersonalfinancetrackerApplicationTests in 3.005 seconds (process running for 3.358)
]]></system-out>
  </testcase>
</testsuite>